# JRE version: Java(TM) SE Runtime Environment (17.0.8+9) (build 17.0.8+9-LTS-211)
# Java VM: Java HotSpot(TM) 64-Bit Server VM (17.0.8+9-LTS-211, mixed mode, emulated-client, sharing, tiered, compressed oops, compressed class ptrs, g1 gc, windows-amd64)
GC Precious Log:
 CPUs: 4 total, 4 available
 Memory: 3955M
 Large Page Support: Disabled
 NUMA Support: Disabled
 Compressed Oops: Enabled (32-bit)
 Heap Region Size: 1M
 Heap Min Capacity: 8M
 Heap Initial Capacity: 62M
 Heap Max Capacity: 990M
 Pre-touch: Disabled
 Parallel Workers: 4
 Concurrent Workers: 1
 Concurrent Refinement Workers: 4
 Periodic GC: Disabled
Heap:
 garbage-first heap   total 68608K, used 36007K [0x00000000c2200000, 0x0000000100000000)
  region size 1024K, 1 young (1024K), 1 survivors (1024K)
 Metaspace       used 72468K, committed 73024K, reserved 1114112K
  class space    used 10587K, committed 10816K, reserved 1048576K
GC Heap History (20 events):
Event: 674.366 GC heap after
{Heap after GC invocations=33 (full 1):
 garbage-first heap   total 58368K, used 23867K [0x00000000c2200000, 0x0000000100000000)
  region size 1024K, 0 young (0K), 0 survivors (0K)
 Metaspace       used 71391K, committed 72064K, reserved 1114112K
  class space    used 10452K, committed 10752K, reserved 1048576K
}
Event: 675.670 GC heap before
{Heap before GC invocations=33 (full 1):
 garbage-first heap   total 58368K, used 44347K [0x00000000c2200000, 0x0000000100000000)
  region size 1024K, 21 young (21504K), 0 survivors (0K)
 Metaspace       used 71446K, committed 72128K, reserved 1114112K
  class space    used 10461K, committed 10752K, reserved 1048576K
}
Event: 675.674 GC heap after
{Heap after GC invocations=34 (full 1):
 garbage-first heap   total 58368K, used 25891K [0x00000000c2200000, 0x0000000100000000)
  region size 1024K, 2 young (2048K), 2 survivors (2048K)
 Metaspace       used 71446K, committed 72128K, reserved 1114112K
  class space    used 10461K, committed 10752K, reserved 1048576K
}
Event: 676.420 GC heap before
{Heap before GC invocations=35 (full 1):
 garbage-first heap   total 58368K, used 45347K [0x00000000c2200000, 0x0000000100000000)
  region size 1024K, 21 young (21504K), 2 survivors (2048K)
 Metaspace       used 71463K, committed 72128K, reserved 1114112K
  class space    used 10457K, committed 10752K, reserved 1048576K
}
Event: 676.425 GC heap after
{Heap after GC invocations=36 (full 1):
 garbage-first heap   total 58368K, used 27886K [0x00000000c2200000, 0x0000000100000000)
  region size 1024K, 3 young (3072K), 3 survivors (3072K)
 Metaspace       used 71463K, committed 72128K, reserved 1114112K
  class space    used 10457K, committed 10752K, reserved 1048576K
}
Event: 676.889 GC heap before
{Heap before GC invocations=36 (full 1):
 garbage-first heap   total 58368K, used 44270K [0x00000000c2200000, 0x0000000100000000)
  region size 1024K, 19 young (19456K), 3 survivors (3072K)
 Metaspace       used 71612K, committed 72192K, reserved 1114112K
  class space    used 10470K, committed 10752K, reserved 1048576K
}
Event: 676.896 GC heap after
{Heap after GC invocations=37 (full 1):
 garbage-first heap   total 58368K, used 29690K [0x00000000c2200000, 0x0000000100000000)
  region size 1024K, 2 young (2048K), 2 survivors (2048K)
 Metaspace       used 71612K, committed 72192K, reserved 1114112K
  class space    used 10470K, committed 10752K, reserved 1048576K
}
Event: 677.074 GC heap before
{Heap before GC invocations=38 (full 1):
 garbage-first heap   total 68608K, used 45050K [0x00000000c2200000, 0x0000000100000000)
  region size 1024K, 17 young (17408K), 2 survivors (2048K)
 Metaspace       used 71770K, committed 72320K, reserved 1114112K
  class space    used 10486K, committed 10752K, reserved 1048576K
}
Event: 677.078 GC heap after
{Heap after GC invocations=39 (full 1):
 garbage-first heap   total 68608K, used 30622K [0x00000000c2200000, 0x0000000100000000)
  region size 1024K, 1 young (1024K), 1 survivors (1024K)
 Metaspace       used 71770K, committed 72320K, reserved 1114112K
  class space    used 10486K, committed 10752K, reserved 1048576K
}
Event: 688.565 GC heap before
{Heap before GC invocations=39 (full 1):
 garbage-first heap   total 68608K, used 52126K [0x00000000c2200000, 0x0000000100000000)
  region size 1024K, 22 young (22528K), 1 survivors (1024K)
 Metaspace       used 72136K, committed 72640K, reserved 1114112K
  class space    used 10553K, committed 10752K, reserved 1048576K
}
Event: 688.570 GC heap after
{Heap after GC invocations=40 (full 1):
 garbage-first heap   total 68608K, used 32328K [0x00000000c2200000, 0x0000000100000000)
  region size 1024K, 3 young (3072K), 3 survivors (3072K)
 Metaspace       used 72136K, committed 72640K, reserved 1114112K
  class space    used 10553K, committed 10752K, reserved 1048576K
}
Event: 688.977 GC heap before
{Heap before GC invocations=41 (full 1):
 garbage-first heap   total 68608K, used 51784K [0x00000000c2200000, 0x0000000100000000)
  region size 1024K, 22 young (22528K), 3 survivors (3072K)
 Metaspace       used 72228K, committed 72768K, reserved 1114112K
  class space    used 10564K, committed 10816K, reserved 1048576K
}
Event: 688.983 GC heap after
{Heap after GC invocations=42 (full 1):
 garbage-first heap   total 68608K, used 33190K [0x00000000c2200000, 0x0000000100000000)
  region size 1024K, 2 young (2048K), 2 survivors (2048K)
 Metaspace       used 72228K, committed 72768K, reserved 1114112K
  class space    used 10564K, committed 10816K, reserved 1048576K
}
Event: 688.994 GC heap before
{Heap before GC invocations=42 (full 1):
 garbage-first heap   total 68608K, used 34214K [0x00000000c2200000, 0x0000000100000000)
  region size 1024K, 3 young (3072K), 2 survivors (2048K)
 Metaspace       used 72234K, committed 72768K, reserved 1114112K
  class space    used 10565K, committed 10816K, reserved 1048576K
}
Event: 688.998 GC heap after
{Heap after GC invocations=43 (full 1):
 garbage-first heap   total 68608K, used 33186K [0x00000000c2200000, 0x0000000100000000)
  region size 1024K, 1 young (1024K), 1 survivors (1024K)
 Metaspace       used 72234K, committed 72768K, reserved 1114112K
  class space    used 10565K, committed 10816K, reserved 1048576K
}
Event: 689.695 GC heap before
{Heap before GC invocations=43 (full 1):
 garbage-first heap   total 68608K, used 53666K [0x00000000c2200000, 0x0000000100000000)
  region size 1024K, 21 young (21504K), 1 survivors (1024K)
 Metaspace       used 72297K, committed 72832K, reserved 1114112K
  class space    used 10577K, committed 10816K, reserved 1048576K
}
Event: 689.698 GC heap after
{Heap after GC invocations=44 (full 1):
 garbage-first heap   total 68608K, used 34515K [0x00000000c2200000, 0x0000000100000000)
  region size 1024K, 2 young (2048K), 2 survivors (2048K)
 Metaspace       used 72297K, committed 72832K, reserved 1114112K
  class space    used 10577K, committed 10816K, reserved 1048576K
}
Event: 690.176 GC heap before
{Heap before GC invocations=45 (full 1):
 garbage-first heap   total 68608K, used 53971K [0x00000000c2200000, 0x0000000100000000)
  region size 1024K, 21 young (21504K), 2 survivors (2048K)
 Metaspace       used 72468K, committed 73024K, reserved 1114112K
  class space    used 10587K, committed 10816K, reserved 1048576K
}
Event: 690.183 GC heap after
{Heap after GC invocations=46 (full 1):
 garbage-first heap   total 68608K, used 35614K [0x00000000c2200000, 0x0000000100000000)
  region size 1024K, 3 young (3072K), 3 survivors (3072K)
 Metaspace       used 72468K, committed 73024K, reserved 1114112K
  class space    used 10587K, committed 10816K, reserved 1048576K
}
Event: 690.201 GC heap before
{Heap before GC invocations=46 (full 1):
 garbage-first heap   total 68608K, used 36638K [0x00000000c2200000, 0x0000000100000000)
  region size 1024K, 4 young (4096K), 3 survivors (3072K)
 Metaspace       used 72468K, committed 73024K, reserved 1114112K
  class space    used 10587K, committed 10816K, reserved 1048576K
}

