# JRE version: Java(TM) SE Runtime Environment (17.0.8+9) (build 17.0.8+9-LTS-211)
# Java VM: Java HotSpot(TM) 64-Bit Server VM (17.0.8+9-LTS-211, mixed mode, sharing, tiered, compressed oops, compressed class ptrs, g1 gc, windows-amd64)
GC Precious Log:
 CPUs: 4 total, 4 available
 Memory: 3955M
 Large Page Support: Disabled
 NUMA Support: Disabled
 Compressed Oops: Enabled (32-bit)
 Heap Region Size: 1M
 Heap Min Capacity: 8M
 Heap Initial Capacity: 62M
 Heap Max Capacity: 990M
 Pre-touch: Disabled
 Parallel Workers: 4
 Concurrent Workers: 1
 Concurrent Refinement Workers: 4
 Periodic GC: Disabled
Heap:
 garbage-first heap   total 86016K, used 43365K [0x00000000c2200000, 0x0000000100000000)
  region size 1024K, 2 young (2048K), 2 survivors (2048K)
 Metaspace       used 30384K, committed 30656K, reserved 1114112K
  class space    used 3476K, committed 3648K, reserved 1048576K
GC Heap History (20 events):
Event: 3.907 GC heap after
{Heap after GC invocations=4 (full 0):
 garbage-first heap   total 63488K, used 8556K [0x00000000c2200000, 0x0000000100000000)
  region size 1024K, 5 young (5120K), 5 survivors (5120K)
 Metaspace       used 16486K, committed 16640K, reserved 1114112K
  class space    used 1974K, committed 2048K, reserved 1048576K
}
Event: 4.695 GC heap before
{Heap before GC invocations=4 (full 0):
 garbage-first heap   total 63488K, used 41324K [0x00000000c2200000, 0x0000000100000000)
  region size 1024K, 37 young (37888K), 5 survivors (5120K)
 Metaspace       used 17475K, committed 17728K, reserved 1114112K
  class space    used 2051K, committed 2176K, reserved 1048576K
}
Event: 4.715 GC heap after
{Heap after GC invocations=5 (full 0):
 garbage-first heap   total 63488K, used 13100K [0x00000000c2200000, 0x0000000100000000)
  region size 1024K, 5 young (5120K), 5 survivors (5120K)
 Metaspace       used 17475K, committed 17728K, reserved 1114112K
  class space    used 2051K, committed 2176K, reserved 1048576K
}
Event: 5.345 GC heap before
{Heap before GC invocations=5 (full 0):
 garbage-first heap   total 63488K, used 43820K [0x00000000c2200000, 0x0000000100000000)
  region size 1024K, 35 young (35840K), 5 survivors (5120K)
 Metaspace       used 17804K, committed 17984K, reserved 1114112K
  class space    used 2055K, committed 2176K, reserved 1048576K
}
Event: 5.358 GC heap after
{Heap after GC invocations=6 (full 0):
 garbage-first heap   total 63488K, used 14336K [0x00000000c2200000, 0x0000000100000000)
  region size 1024K, 2 young (2048K), 2 survivors (2048K)
 Metaspace       used 17804K, committed 17984K, reserved 1114112K
  class space    used 2055K, committed 2176K, reserved 1048576K
}
Event: 6.120 GC heap before
{Heap before GC invocations=6 (full 0):
 garbage-first heap   total 63488K, used 46080K [0x00000000c2200000, 0x0000000100000000)
  region size 1024K, 26 young (26624K), 2 survivors (2048K)
 Metaspace       used 18912K, committed 19136K, reserved 1114112K
  class space    used 2168K, committed 2304K, reserved 1048576K
}
Event: 6.130 GC heap after
{Heap after GC invocations=7 (full 0):
 garbage-first heap   total 76800K, used 23802K [0x00000000c2200000, 0x0000000100000000)
  region size 1024K, 4 young (4096K), 4 survivors (4096K)
 Metaspace       used 18912K, committed 19136K, reserved 1114112K
  class space    used 2168K, committed 2304K, reserved 1048576K
}
Event: 6.132 GC heap before
{Heap before GC invocations=7 (full 0):
 garbage-first heap   total 76800K, used 36090K [0x00000000c2200000, 0x0000000100000000)
  region size 1024K, 5 young (5120K), 4 survivors (4096K)
 Metaspace       used 18912K, committed 19136K, reserved 1114112K
  class space    used 2168K, committed 2304K, reserved 1048576K
}
Event: 6.138 GC heap after
{Heap after GC invocations=8 (full 0):
 garbage-first heap   total 76800K, used 36424K [0x00000000c2200000, 0x0000000100000000)
  region size 1024K, 2 young (2048K), 2 survivors (2048K)
 Metaspace       used 18912K, committed 19136K, reserved 1114112K
  class space    used 2168K, committed 2304K, reserved 1048576K
}
Event: 6.847 GC heap before
{Heap before GC invocations=9 (full 0):
 garbage-first heap   total 86016K, used 72264K [0x00000000c2200000, 0x0000000100000000)
  region size 1024K, 26 young (26624K), 2 survivors (2048K)
 Metaspace       used 19127K, committed 19392K, reserved 1114112K
  class space    used 2173K, committed 2304K, reserved 1048576K
}
Event: 6.854 GC heap after
{Heap after GC invocations=10 (full 0):
 garbage-first heap   total 86016K, used 17055K [0x00000000c2200000, 0x0000000100000000)
  region size 1024K, 3 young (3072K), 3 survivors (3072K)
 Metaspace       used 19127K, committed 19392K, reserved 1114112K
  class space    used 2173K, committed 2304K, reserved 1048576K
}
Event: 6.874 GC heap before
{Heap before GC invocations=10 (full 0):
 garbage-first heap   total 86016K, used 18079K [0x00000000c2200000, 0x0000000100000000)
  region size 1024K, 4 young (4096K), 3 survivors (3072K)
 Metaspace       used 19140K, committed 19392K, reserved 1114112K
  class space    used 2177K, committed 2304K, reserved 1048576K
}
Event: 6.889 GC heap after
{Heap after GC invocations=11 (full 0):
 garbage-first heap   total 86016K, used 17051K [0x00000000c2200000, 0x0000000100000000)
  region size 1024K, 1 young (1024K), 1 survivors (1024K)
 Metaspace       used 19140K, committed 19392K, reserved 1114112K
  class space    used 2177K, committed 2304K, reserved 1048576K
}
Event: 8.564 GC heap before
{Heap before GC invocations=11 (full 0):
 garbage-first heap   total 86016K, used 71323K [0x00000000c2200000, 0x0000000100000000)
  region size 1024K, 49 young (50176K), 1 survivors (1024K)
 Metaspace       used 27143K, committed 27456K, reserved 1114112K
  class space    used 3114K, committed 3264K, reserved 1048576K
}
Event: 8.582 GC heap after
{Heap after GC invocations=12 (full 0):
 garbage-first heap   total 86016K, used 32768K [0x00000000c2200000, 0x0000000100000000)
  region size 1024K, 7 young (7168K), 7 survivors (7168K)
 Metaspace       used 27143K, committed 27456K, reserved 1114112K
  class space    used 3114K, committed 3264K, reserved 1048576K
}
Event: 9.455 GC heap before
{Heap before GC invocations=12 (full 0):
 garbage-first heap   total 86016K, used 60416K [0x00000000c2200000, 0x0000000100000000)
  region size 1024K, 35 young (35840K), 7 survivors (7168K)
 Metaspace       used 28572K, committed 28928K, reserved 1114112K
  class space    used 3264K, committed 3456K, reserved 1048576K
}
Event: 9.473 GC heap after
{Heap after GC invocations=13 (full 0):
 garbage-first heap   total 86016K, used 40889K [0x00000000c2200000, 0x0000000100000000)
  region size 1024K, 5 young (5120K), 5 survivors (5120K)
 Metaspace       used 28572K, committed 28928K, reserved 1114112K
  class space    used 3264K, committed 3456K, reserved 1048576K
}
Event: 10.046 GC heap before
{Heap before GC invocations=13 (full 0):
 garbage-first heap   total 86016K, used 61369K [0x00000000c2200000, 0x0000000100000000)
  region size 1024K, 26 young (26624K), 5 survivors (5120K)
 Metaspace       used 30051K, committed 30400K, reserved 1114112K
  class space    used 3456K, committed 3648K, reserved 1048576K
}
Event: 10.059 GC heap after
{Heap after GC invocations=14 (full 0):
 garbage-first heap   total 86016K, used 42395K [0x00000000c2200000, 0x0000000100000000)
  region size 1024K, 1 young (1024K), 1 survivors (1024K)
 Metaspace       used 30051K, committed 30400K, reserved 1114112K
  class space    used 3456K, committed 3648K, reserved 1048576K
}
Event: 10.494 GC heap before
{Heap before GC invocations=14 (full 0):
 garbage-first heap   total 86016K, used 62875K [0x00000000c2200000, 0x0000000100000000)
  region size 1024K, 22 young (22528K), 1 survivors (1024K)
 Metaspace       used 30384K, committed 30656K, reserved 1114112K
  class space    used 3476K, committed 3648K, reserved 1048576K
}

