<?xml version="1.0" encoding="UTF-8"?>
<testsuite xmlns:xsi="http://www.w3.org/2001/XMLSchema-instance" xsi:noNamespaceSchemaLocation="https://maven.apache.org/surefire/maven-surefire-plugin/xsd/surefire-test-report-3.0.xsd" version="3.0" name="co.edu.unbosque.ApehApplicationTests" time="10.791" tests="1" errors="0" skipped="0" failures="0">
  <properties>
[...]
</properties>
  <testcase name="contextLoads" classname="co.edu.unbosque.ApehApplicationTests" time="0.915">
    <system-out><![CDATA[
  .   ____          _            __ _ _
 /\\ / ___'_ __ _ _(_)_ __  __ _ \ \ \ \
( ( )\___ | '_ | '_| | '_ \/ _` | \ \ \ \
 \\/  ___)| |_)| | | | | || (_| |  ) ) ) )
  '  |____| .__|_| |_|_| |_\__, | / / / /
 =========|_|==============|___/=/_/_/_/
 :: Spring Boot ::                (v3.1.2)

2024-09-26T22:21:32.878-05:00  INFO 1008 --- [           main] co.edu.unbosque.ApehApplicationTests     : Starting ApehApplicationTests using Java 17.0.4.1 with PID 1008 (started by Luis Castro in C:\Users\Luis Castro\Documents\UniversidadNoveno\ProyectoDe Grado\CodigoFinal\Ape-h-BackEnd)
2024-09-26T22:21:32.883-05:00  INFO 1008 --- [           main] co.edu.unbosque.ApehApplicationTests     : No active profile set, falling back to 1 default profile: "default"
2024-09-26T22:21:34.084-05:00  INFO 1008 --- [           main] .s.d.r.c.RepositoryConfigurationDelegate : Bootstrapping Spring Data JPA repositories in DEFAULT mode.
2024-09-26T22:21:34.183-05:00  INFO 1008 --- [           main] .s.d.r.c.RepositoryConfigurationDelegate : Finished Spring Data repository scanning in 86 ms. Found 3 JPA repository interfaces.
2024-09-26T22:21:34.906-05:00  INFO 1008 --- [           main] o.hibernate.jpa.internal.util.LogHelper  : HHH000204: Processing PersistenceUnitInfo [name: default]
2024-09-26T22:21:35.010-05:00  INFO 1008 --- [           main] org.hibernate.Version                    : HHH000412: Hibernate ORM core version 6.2.6.Final
2024-09-26T22:21:35.015-05:00  INFO 1008 --- [           main] org.hibernate.cfg.Environment            : HHH000406: Using bytecode reflection optimizer
2024-09-26T22:21:35.374-05:00  INFO 1008 --- [           main] o.h.b.i.BytecodeProviderInitiator        : HHH000021: Bytecode provider name : bytebuddy
2024-09-26T22:21:35.608-05:00  INFO 1008 --- [           main] o.s.o.j.p.SpringPersistenceUnitInfo      : No LoadTimeWeaver setup: ignoring JPA class transformer
2024-09-26T22:21:35.635-05:00  INFO 1008 --- [           main] com.zaxxer.hikari.HikariDataSource       : HikariPool-1 - Starting...
2024-09-26T22:21:37.468-05:00  INFO 1008 --- [           main] com.zaxxer.hikari.pool.HikariPool        : HikariPool-1 - Added connection com.mysql.cj.jdbc.ConnectionImpl@186481d4
2024-09-26T22:21:37.472-05:00  INFO 1008 --- [           main] com.zaxxer.hikari.HikariDataSource       : HikariPool-1 - Start completed.
2024-09-26T22:21:37.957-05:00  INFO 1008 --- [           main] o.h.b.i.BytecodeProviderInitiator        : HHH000021: Bytecode provider name : bytebuddy
2024-09-26T22:21:38.726-05:00  INFO 1008 --- [           main] o.h.e.t.j.p.i.JtaPlatformInitiator       : HHH000490: Using JtaPlatform implementation: [org.hibernate.engine.transaction.jta.platform.internal.NoJtaPlatform]
2024-09-26T22:21:39.737-05:00  INFO 1008 --- [           main] j.LocalContainerEntityManagerFactoryBean : Initialized JPA EntityManagerFactory for persistence unit 'default'
2024-09-26T22:21:39.996-05:00  INFO 1008 --- [           main] o.s.d.j.r.query.QueryEnhancerFactory     : Hibernate is in classpath; If applicable, HQL parser will be used.
2024-09-26T22:21:40.554-05:00  WARN 1008 --- [           main] JpaBaseConfiguration$JpaWebConfiguration : spring.jpa.open-in-view is enabled by default. Therefore, database queries may be performed during view rendering. Explicitly configure spring.jpa.open-in-view to disable this warning
2024-09-26T22:21:40.588-05:00  WARN 1008 --- [           main] .s.s.UserDetailsServiceAutoConfiguration : 

Using generated security password: 31b35566-a009-43eb-86ab-e992e21a82a7

This generated password is for development use only. Your security configuration must be updated before running your application in production.

2024-09-26T22:21:40.779-05:00  INFO 1008 --- [           main] o.s.s.web.DefaultSecurityFilterChain     : Will secure any request with [org.springframework.security.web.session.DisableEncodeUrlFilter@61f2bf3a, org.springframework.security.web.context.request.async.WebAsyncManagerIntegrationFilter@4a0dd851, org.springframework.security.web.context.SecurityContextHolderFilter@68e8bbab, org.springframework.security.web.header.HeaderWriterFilter@373c367, org.springframework.security.web.authentication.logout.LogoutFilter@13482361, org.springframework.security.web.savedrequest.RequestCacheAwareFilter@672ba9cc, org.springframework.security.web.servletapi.SecurityContextHolderAwareRequestFilter@647468a7, org.springframework.security.web.authentication.AnonymousAuthenticationFilter@293dd4b3, org.springframework.security.web.session.SessionManagementFilter@557c0b65, org.springframework.security.web.access.ExceptionTranslationFilter@75c36570, org.springframework.security.web.access.intercept.AuthorizationFilter@502f6f6a]
2024-09-26T22:21:41.618-05:00  INFO 1008 --- [           main] co.edu.unbosque.ApehApplicationTests     : Started ApehApplicationTests in 9.253 seconds (process running for 10.74)
]]></system-out>
  </testcase>
</testsuite>