<?xml version="1.0" encoding="UTF-8"?>
<testsuite xmlns:xsi="http://www.w3.org/2001/XMLSchema-instance" xsi:noNamespaceSchemaLocation="https://maven.apache.org/surefire/maven-surefire-plugin/xsd/surefire-test-report-3.0.xsd" version="3.0" name="co.edu.unbosque.ApehApplicationTests" time="9.169" tests="1" errors="0" skipped="0" failures="0">
  <properties>
[...]
</properties>
  <testcase name="contextLoads" classname="co.edu.unbosque.ApehApplicationTests" time="0.778">
    <system-out><![CDATA[
  .   ____          _            __ _ _
 /\\ / ___'_ __ _ _(_)_ __  __ _ \ \ \ \
( ( )\___ | '_ | '_| | '_ \/ _` | \ \ \ \
 \\/  ___)| |_)| | | | | || (_| |  ) ) ) )
  '  |____| .__|_| |_|_| |_\__, | / / / /
 =========|_|==============|___/=/_/_/_/
 :: Spring Boot ::                (v3.1.2)

2024-10-21T21:55:54.388-05:00  INFO 4204 --- [           main] co.edu.unbosque.ApehApplicationTests     : Starting ApehApplicationTests using Java 17.0.4.1 with PID 4204 (started by Luis Castro in C:\Users\Luis Castro\Documents\UniversidadNoveno\ProyectoDe Grado\CodigoFinal\Ape-h-BackEnd)
2024-10-21T21:55:54.391-05:00  INFO 4204 --- [           main] co.edu.unbosque.ApehApplicationTests     : No active profile set, falling back to 1 default profile: "default"
2024-10-21T21:55:55.026-05:00  INFO 4204 --- [           main] .s.d.r.c.RepositoryConfigurationDelegate : Bootstrapping Spring Data JPA repositories in DEFAULT mode.
2024-10-21T21:55:55.088-05:00  INFO 4204 --- [           main] .s.d.r.c.RepositoryConfigurationDelegate : Finished Spring Data repository scanning in 55 ms. Found 3 JPA repository interfaces.
2024-10-21T21:55:55.504-05:00  INFO 4204 --- [           main] o.hibernate.jpa.internal.util.LogHelper  : HHH000204: Processing PersistenceUnitInfo [name: default]
2024-10-21T21:55:55.573-05:00  INFO 4204 --- [           main] org.hibernate.Version                    : HHH000412: Hibernate ORM core version 6.2.6.Final
2024-10-21T21:55:55.575-05:00  INFO 4204 --- [           main] org.hibernate.cfg.Environment            : HHH000406: Using bytecode reflection optimizer
2024-10-21T21:55:55.809-05:00  INFO 4204 --- [           main] o.h.b.i.BytecodeProviderInitiator        : HHH000021: Bytecode provider name : bytebuddy
2024-10-21T21:55:55.935-05:00  INFO 4204 --- [           main] o.s.o.j.p.SpringPersistenceUnitInfo      : No LoadTimeWeaver setup: ignoring JPA class transformer
2024-10-21T21:55:55.953-05:00  INFO 4204 --- [           main] com.zaxxer.hikari.HikariDataSource       : HikariPool-1 - Starting...
2024-10-21T21:55:57.726-05:00  INFO 4204 --- [           main] com.zaxxer.hikari.pool.HikariPool        : HikariPool-1 - Added connection com.mysql.cj.jdbc.ConnectionImpl@186481d4
2024-10-21T21:55:57.732-05:00  INFO 4204 --- [           main] com.zaxxer.hikari.HikariDataSource       : HikariPool-1 - Start completed.
2024-10-21T21:55:58.402-05:00  INFO 4204 --- [           main] o.h.b.i.BytecodeProviderInitiator        : HHH000021: Bytecode provider name : bytebuddy
2024-10-21T21:55:58.974-05:00  INFO 4204 --- [           main] o.h.e.t.j.p.i.JtaPlatformInitiator       : HHH000490: Using JtaPlatform implementation: [org.hibernate.engine.transaction.jta.platform.internal.NoJtaPlatform]
Hibernate: create table horario (id bigint not null auto_increment, code varchar(255) not null, credits integer not null, day varchar(255) not null, hour_finish varchar(255) not null, hour_start varchar(255) not null, modality varchar(255) not null, name varchar(255) not null, schedule varchar(255) not null, status bit not null, user_that_inserted varchar(255) not null, primary key (id)) engine=InnoDB
Hibernate: create table horarioelecvito (id bigint not null auto_increment, code varchar(255) not null, credits integer not null, day varchar(255) not null, hour_finish varchar(255) not null, hour_start varchar(255) not null, modality varchar(255) not null, name varchar(255) not null, status bit not null, user_that_inserted varchar(255) not null, primary key (id)) engine=InnoDB
Hibernate: create table usuario (email varchar(255) not null, apellido varchar(255), contraseña varchar(255), nombre varchar(255), role tinyint check (role between 0 and 1), username varchar(255), primary key (email)) engine=InnoDB
Hibernate: alter table horario add constraint FKl0y7r5njudhqbnr485kxuqaov foreign key (user_that_inserted) references usuario (email)
Hibernate: alter table horarioelecvito add constraint FKrrhw9qpfuuq71c7nta920m9bp foreign key (user_that_inserted) references usuario (email)
2024-10-21T21:56:00.615-05:00  INFO 4204 --- [           main] j.LocalContainerEntityManagerFactoryBean : Initialized JPA EntityManagerFactory for persistence unit 'default'
2024-10-21T21:56:00.871-05:00  INFO 4204 --- [           main] o.s.d.j.r.query.QueryEnhancerFactory     : Hibernate is in classpath; If applicable, HQL parser will be used.
2024-10-21T21:56:01.330-05:00  WARN 4204 --- [           main] JpaBaseConfiguration$JpaWebConfiguration : spring.jpa.open-in-view is enabled by default. Therefore, database queries may be performed during view rendering. Explicitly configure spring.jpa.open-in-view to disable this warning
2024-10-21T21:56:01.349-05:00  WARN 4204 --- [           main] .s.s.UserDetailsServiceAutoConfiguration : 

Using generated security password: c757dd71-c8e6-4e38-ae50-0a7c7d8d7f70

This generated password is for development use only. Your security configuration must be updated before running your application in production.

2024-10-21T21:56:01.474-05:00  INFO 4204 --- [           main] o.s.s.web.DefaultSecurityFilterChain     : Will secure any request with [org.springframework.security.web.session.DisableEncodeUrlFilter@4945cd1f, org.springframework.security.web.context.request.async.WebAsyncManagerIntegrationFilter@2dbfcbe4, org.springframework.security.web.context.SecurityContextHolderFilter@219bad15, org.springframework.security.web.header.HeaderWriterFilter@23c24c0e, org.springframework.security.web.authentication.logout.LogoutFilter@4283f29b, org.springframework.security.web.savedrequest.RequestCacheAwareFilter@6d810e94, org.springframework.security.web.servletapi.SecurityContextHolderAwareRequestFilter@1f8e1096, org.springframework.security.web.authentication.AnonymousAuthenticationFilter@6f13ed1, org.springframework.security.web.session.SessionManagementFilter@642693c2, org.springframework.security.web.access.ExceptionTranslationFilter@62cbe18c, org.springframework.security.web.access.intercept.AuthorizationFilter@641001c2]
2024-10-21T21:56:02.140-05:00  INFO 4204 --- [           main] co.edu.unbosque.ApehApplicationTests     : Started ApehApplicationTests in 8.052 seconds (process running for 8.88)
]]></system-out>
  </testcase>
</testsuite>